[0m14:42:28.214850 [debug] [MainThread]: Sending event: {'category': 'dbt', 'action': 'invocation', 'label': 'start', 'context': [<snowplow_tracker.self_describing_json.SelfDescribingJson object at 0x7f6253c81750>, <snowplow_tracker.self_describing_json.SelfDescribingJson object at 0x7f62529cf150>, <snowplow_tracker.self_describing_json.SelfDescribingJson object at 0x7f6252891bd0>]}


============================== 14:42:28.234149 | 88294cad-8876-4496-ab8e-ba4e15126cca ==============================
[0m14:42:28.234149 [info ] [MainThread]: Running with dbt=1.8.2
[0m14:42:28.235697 [debug] [MainThread]: running dbt with arguments {'printer_width': '80', 'indirect_selection': 'eager', 'log_cache_events': 'False', 'write_json': 'True', 'partial_parse': 'True', 'cache_selected_only': 'False', 'warn_error': 'None', 'fail_fast': 'False', 'version_check': 'True', 'log_path': '/opt/dagster/dbt/logs', 'debug': 'False', 'profiles_dir': '/opt/dagster/dbt', 'use_colors': 'True', 'use_experimental_parser': 'False', 'no_print': 'None', 'quiet': 'False', 'log_format': 'default', 'introspect': 'True', 'warn_error_options': 'WarnErrorOptions(include=[], exclude=[])', 'static_parser': 'True', 'target_path': 'None', 'invocation_command': 'dbt compile --project-dir /opt/dagster/dbt --profiles-dir /opt/dagster/dbt', 'send_anonymous_usage_stats': 'True'}
[0m14:42:28.571782 [debug] [MainThread]: Sending event: {'category': 'dbt', 'action': 'project_id', 'label': '88294cad-8876-4496-ab8e-ba4e15126cca', 'context': [<snowplow_tracker.self_describing_json.SelfDescribingJson object at 0x7f6252c67910>]}
[0m14:42:28.639404 [debug] [MainThread]: Sending event: {'category': 'dbt', 'action': 'adapter_info', 'label': '88294cad-8876-4496-ab8e-ba4e15126cca', 'context': [<snowplow_tracker.self_describing_json.SelfDescribingJson object at 0x7f6254cd18d0>]}
[0m14:42:28.650589 [info ] [MainThread]: Registered adapter: postgres=1.8.2
[0m14:42:28.715582 [error] [MainThread]: Encountered an error:
Compilation Error
  dbt found 1 package(s) specified in packages.yml, but only 0 package(s) installed in dbt_packages. Run "dbt deps" to install package dependencies.
[0m14:42:28.718305 [debug] [MainThread]: Resource report: {"command_name": "compile", "command_wall_clock_time": 0.6589049, "process_user_time": 1.347659, "process_kernel_time": 0.049546, "process_mem_max_rss": "109184", "process_in_blocks": "6472", "process_out_blocks": "2776", "command_success": false}
[0m14:42:28.720083 [debug] [MainThread]: Command `dbt compile` failed at 14:42:28.719980 after 0.66 seconds
[0m14:42:28.721783 [debug] [MainThread]: Sending event: {'category': 'dbt', 'action': 'invocation', 'label': 'end', 'context': [<snowplow_tracker.self_describing_json.SelfDescribingJson object at 0x7f6252892490>, <snowplow_tracker.self_describing_json.SelfDescribingJson object at 0x7f6252892710>, <snowplow_tracker.self_describing_json.SelfDescribingJson object at 0x7f62528a5950>]}
[0m14:42:28.723649 [debug] [MainThread]: Flushing usage events
[0m14:42:39.431022 [debug] [MainThread]: Sending event: {'category': 'dbt', 'action': 'invocation', 'label': 'start', 'context': [<snowplow_tracker.self_describing_json.SelfDescribingJson object at 0x7f4ae4501950>, <snowplow_tracker.self_describing_json.SelfDescribingJson object at 0x7f4ae4517c90>, <snowplow_tracker.self_describing_json.SelfDescribingJson object at 0x7f4ae4650710>]}


============================== 14:42:39.438005 | 94b5e6a5-f4f5-458a-b889-f7bca3da7b34 ==============================
[0m14:42:39.438005 [info ] [MainThread]: Running with dbt=1.8.2
[0m14:42:39.440116 [debug] [MainThread]: running dbt with arguments {'printer_width': '80', 'indirect_selection': 'eager', 'write_json': 'True', 'log_cache_events': 'False', 'partial_parse': 'True', 'cache_selected_only': 'False', 'profiles_dir': '/opt/dagster/dbt', 'version_check': 'True', 'fail_fast': 'False', 'log_path': '/opt/dagster/dbt/logs', 'warn_error': 'None', 'debug': 'False', 'use_colors': 'True', 'use_experimental_parser': 'False', 'no_print': 'None', 'quiet': 'False', 'warn_error_options': 'WarnErrorOptions(include=[], exclude=[])', 'static_parser': 'True', 'log_format': 'default', 'invocation_command': 'dbt deps --project-dir /opt/dagster/dbt --profiles-dir /opt/dagster/dbt', 'target_path': 'None', 'introspect': 'True', 'send_anonymous_usage_stats': 'True'}
[0m14:42:39.569128 [debug] [MainThread]: Sending event: {'category': 'dbt', 'action': 'project_id', 'label': '94b5e6a5-f4f5-458a-b889-f7bca3da7b34', 'context': [<snowplow_tracker.self_describing_json.SelfDescribingJson object at 0x7f4ae47db590>]}
[0m14:42:39.619689 [debug] [MainThread]: Set downloads directory='/tmp/dbt-downloads-0gcsx8en'
[0m14:42:39.621741 [debug] [MainThread]: Making package index registry request: GET https://hub.getdbt.com/api/v1/index.json
[0m14:42:40.944935 [debug] [MainThread]: Response from registry index: GET https://hub.getdbt.com/api/v1/index.json 200
[0m14:42:40.949050 [debug] [MainThread]: Making package registry request: GET https://hub.getdbt.com/api/v1/dbt-labs/dbt_utils.json
[0m14:42:41.076953 [debug] [MainThread]: Response from registry: GET https://hub.getdbt.com/api/v1/dbt-labs/dbt_utils.json 200
[0m14:42:41.112108 [info ] [MainThread]: Updating lock file in file path: /opt/dagster/dbt/package-lock.yml
[0m14:42:41.135629 [debug] [MainThread]: Set downloads directory='/tmp/dbt-downloads-f7iodzwx'
[0m14:42:41.140351 [info ] [MainThread]: Installing dbt-labs/dbt_utils
[0m14:42:50.419143 [info ] [MainThread]: Installed from version 1.2.0
[0m14:42:50.420179 [info ] [MainThread]: Updated version available: 1.4.0
[0m14:42:50.421272 [debug] [MainThread]: Sending event: {'category': 'dbt', 'action': 'package', 'label': '94b5e6a5-f4f5-458a-b889-f7bca3da7b34', 'property_': 'install', 'context': [<snowplow_tracker.self_describing_json.SelfDescribingJson object at 0x7f4ae5bf4f10>, <snowplow_tracker.self_describing_json.SelfDescribingJson object at 0x7f4ae4598f10>]}
[0m14:42:50.433522 [info ] [MainThread]: 
[0m14:42:50.435432 [info ] [MainThread]: Updates available for packages: ['dbt-labs/dbt_utils']                 
Update your versions in packages.yml, then run dbt deps
[0m14:42:50.437334 [debug] [MainThread]: Resource report: {"command_name": "deps", "command_success": true, "command_wall_clock_time": 11.107148, "process_user_time": 1.193757, "process_kernel_time": 0.407393, "process_mem_max_rss": "105948", "process_in_blocks": "944", "process_out_blocks": "2952"}
[0m14:42:50.438860 [debug] [MainThread]: Command `dbt deps` succeeded at 14:42:50.438754 after 11.11 seconds
[0m14:42:50.441601 [debug] [MainThread]: Sending event: {'category': 'dbt', 'action': 'invocation', 'label': 'end', 'context': [<snowplow_tracker.self_describing_json.SelfDescribingJson object at 0x7f4ae59659d0>, <snowplow_tracker.self_describing_json.SelfDescribingJson object at 0x7f4ae4536a90>, <snowplow_tracker.self_describing_json.SelfDescribingJson object at 0x7f4ae457a150>]}
[0m14:42:50.451200 [debug] [MainThread]: Flushing usage events
[0m14:42:52.087569 [debug] [MainThread]: Sending event: {'category': 'dbt', 'action': 'invocation', 'label': 'start', 'context': [<snowplow_tracker.self_describing_json.SelfDescribingJson object at 0x7f19dfa2e890>, <snowplow_tracker.self_describing_json.SelfDescribingJson object at 0x7f19dfa2e850>, <snowplow_tracker.self_describing_json.SelfDescribingJson object at 0x7f19dfa2e390>]}


============================== 14:42:52.090296 | 3a4210df-2e7e-453a-a57f-0f7a44c7f01f ==============================
[0m14:42:52.090296 [info ] [MainThread]: Running with dbt=1.8.2
[0m14:42:52.091877 [debug] [MainThread]: running dbt with arguments {'printer_width': '80', 'indirect_selection': 'eager', 'write_json': 'True', 'log_cache_events': 'False', 'partial_parse': 'True', 'cache_selected_only': 'False', 'profiles_dir': '/opt/dagster/dbt', 'fail_fast': 'False', 'warn_error': 'None', 'log_path': '/opt/dagster/dbt/logs', 'version_check': 'True', 'debug': 'False', 'use_colors': 'True', 'use_experimental_parser': 'False', 'no_print': 'None', 'quiet': 'False', 'log_format': 'default', 'introspect': 'True', 'static_parser': 'True', 'invocation_command': 'dbt compile --project-dir /opt/dagster/dbt --profiles-dir /opt/dagster/dbt', 'target_path': 'None', 'warn_error_options': 'WarnErrorOptions(include=[], exclude=[])', 'send_anonymous_usage_stats': 'True'}
[0m14:42:52.275722 [debug] [MainThread]: Sending event: {'category': 'dbt', 'action': 'project_id', 'label': '3a4210df-2e7e-453a-a57f-0f7a44c7f01f', 'context': [<snowplow_tracker.self_describing_json.SelfDescribingJson object at 0x7f19dfe34210>]}
[0m14:42:52.329637 [debug] [MainThread]: Sending event: {'category': 'dbt', 'action': 'adapter_info', 'label': '3a4210df-2e7e-453a-a57f-0f7a44c7f01f', 'context': [<snowplow_tracker.self_describing_json.SelfDescribingJson object at 0x7f19e1ea9990>]}
[0m14:42:52.337977 [info ] [MainThread]: Registered adapter: postgres=1.8.2
[0m14:42:52.461047 [debug] [MainThread]: checksum: f0a141b9de567cb7f131613ba2682f40b3a1c6a157f81c6e5435862eff68f109, vars: {}, profile: , target: , version: 1.8.2
[0m14:42:52.471941 [info ] [MainThread]: Unable to do partial parsing because saved manifest not found. Starting full parse.
[0m14:42:52.473545 [debug] [MainThread]: Sending event: {'category': 'dbt', 'action': 'partial_parser', 'label': '3a4210df-2e7e-453a-a57f-0f7a44c7f01f', 'context': [<snowplow_tracker.self_describing_json.SelfDescribingJson object at 0x7f19df1aa8d0>]}
[0m14:42:54.628612 [warn ] [MainThread]: [[33mWARNING[0m]: Deprecated functionality
The `tests` config has been renamed to `data_tests`. Please see
https://docs.getdbt.com/docs/build/data-tests#new-data_tests-syntax for more
information.
[0m14:42:54.629893 [debug] [MainThread]: Sending event: {'category': 'dbt', 'action': 'deprecation', 'label': '3a4210df-2e7e-453a-a57f-0f7a44c7f01f', 'property_': 'warn', 'context': [<snowplow_tracker.self_describing_json.SelfDescribingJson object at 0x7f19de5d7d10>]}
[0m14:42:54.985273 [warn ] [MainThread]: [[33mWARNING[0m]: Configuration paths exist in your dbt_project.yml file which do not apply to any resources.
There are 2 unused configuration paths:
- seeds.lab_01_dbt
- snapshots.lab_01_dbt
[0m14:42:54.995587 [debug] [MainThread]: Sending event: {'category': 'dbt', 'action': 'load_project', 'label': '3a4210df-2e7e-453a-a57f-0f7a44c7f01f', 'context': [<snowplow_tracker.self_describing_json.SelfDescribingJson object at 0x7f19ddd2ab50>]}
[0m14:42:55.170953 [debug] [MainThread]: Sending event: {'category': 'dbt', 'action': 'resource_counts', 'label': '3a4210df-2e7e-453a-a57f-0f7a44c7f01f', 'context': [<snowplow_tracker.self_describing_json.SelfDescribingJson object at 0x7f19dd9bd810>]}
[0m14:42:55.172534 [info ] [MainThread]: Found 4 models, 16 data tests, 2 sources, 544 macros
[0m14:42:55.174282 [debug] [MainThread]: Sending event: {'category': 'dbt', 'action': 'runnable_timing', 'label': '3a4210df-2e7e-453a-a57f-0f7a44c7f01f', 'context': [<snowplow_tracker.self_describing_json.SelfDescribingJson object at 0x7f19dc16d310>]}
[0m14:42:55.181620 [info ] [MainThread]: 
[0m14:42:55.183875 [debug] [MainThread]: Acquiring new postgres connection 'master'
[0m14:42:55.189183 [debug] [ThreadPool]: Acquiring new postgres connection 'list_datawarehouse_public_stg'
[0m14:42:55.190250 [debug] [ThreadPool]: Acquiring new postgres connection 'list_datawarehouse_public_curated'
[0m14:42:55.233031 [debug] [ThreadPool]: Using postgres connection "list_datawarehouse_public_stg"
[0m14:42:55.233363 [debug] [ThreadPool]: Using postgres connection "list_datawarehouse_public_curated"
[0m14:42:55.234839 [debug] [ThreadPool]: On list_datawarehouse_public_stg: BEGIN
[0m14:42:55.236317 [debug] [ThreadPool]: On list_datawarehouse_public_curated: BEGIN
[0m14:42:55.237811 [debug] [ThreadPool]: Opening a new connection, currently in state init
[0m14:42:55.240205 [debug] [ThreadPool]: Opening a new connection, currently in state init
[0m14:42:55.246546 [debug] [ThreadPool]: SQL status: BEGIN in 0.009 seconds
[0m14:42:55.246880 [debug] [ThreadPool]: SQL status: BEGIN in 0.007 seconds
[0m14:42:55.248267 [debug] [ThreadPool]: Using postgres connection "list_datawarehouse_public_stg"
[0m14:42:55.249772 [debug] [ThreadPool]: Using postgres connection "list_datawarehouse_public_curated"
[0m14:42:55.251387 [debug] [ThreadPool]: On list_datawarehouse_public_stg: /* {"app": "dbt", "dbt_version": "1.8.2", "profile_name": "lab_01_dbt", "target_name": "prod", "connection_name": "list_datawarehouse_public_stg"} */
select
      'datawarehouse' as database,
      tablename as name,
      schemaname as schema,
      'table' as type
    from pg_tables
    where schemaname ilike 'public_stg'
    union all
    select
      'datawarehouse' as database,
      viewname as name,
      schemaname as schema,
      'view' as type
    from pg_views
    where schemaname ilike 'public_stg'
    union all
    select
      'datawarehouse' as database,
      matviewname as name,
      schemaname as schema,
      'materialized_view' as type
    from pg_matviews
    where schemaname ilike 'public_stg'
  
[0m14:42:55.252746 [debug] [ThreadPool]: On list_datawarehouse_public_curated: /* {"app": "dbt", "dbt_version": "1.8.2", "profile_name": "lab_01_dbt", "target_name": "prod", "connection_name": "list_datawarehouse_public_curated"} */
select
      'datawarehouse' as database,
      tablename as name,
      schemaname as schema,
      'table' as type
    from pg_tables
    where schemaname ilike 'public_curated'
    union all
    select
      'datawarehouse' as database,
      viewname as name,
      schemaname as schema,
      'view' as type
    from pg_views
    where schemaname ilike 'public_curated'
    union all
    select
      'datawarehouse' as database,
      matviewname as name,
      schemaname as schema,
      'materialized_view' as type
    from pg_matviews
    where schemaname ilike 'public_curated'
  
[0m14:42:55.257494 [debug] [ThreadPool]: SQL status: SELECT 0 in 0.003 seconds
[0m14:42:55.258597 [debug] [ThreadPool]: SQL status: SELECT 0 in 0.003 seconds
[0m14:42:55.259876 [debug] [ThreadPool]: On list_datawarehouse_public_stg: ROLLBACK
[0m14:42:55.262251 [debug] [ThreadPool]: On list_datawarehouse_public_curated: ROLLBACK
[0m14:42:55.263883 [debug] [ThreadPool]: On list_datawarehouse_public_stg: Close
[0m14:42:55.265065 [debug] [ThreadPool]: On list_datawarehouse_public_curated: Close
[0m14:42:55.270814 [debug] [MainThread]: Using postgres connection "master"
[0m14:42:55.272299 [debug] [MainThread]: On master: BEGIN
[0m14:42:55.273974 [debug] [MainThread]: Opening a new connection, currently in state init
[0m14:42:55.278730 [debug] [MainThread]: SQL status: BEGIN in 0.005 seconds
[0m14:42:55.279635 [debug] [MainThread]: Using postgres connection "master"
[0m14:42:55.281101 [debug] [MainThread]: On master: /* {"app": "dbt", "dbt_version": "1.8.2", "profile_name": "lab_01_dbt", "target_name": "prod", "connection_name": "master"} */
with relation as (
        select
            pg_rewrite.ev_class as class,
            pg_rewrite.oid as id
        from pg_rewrite
    ),
    class as (
        select
            oid as id,
            relname as name,
            relnamespace as schema,
            relkind as kind
        from pg_class
    ),
    dependency as (
        select distinct
            pg_depend.objid as id,
            pg_depend.refobjid as ref
        from pg_depend
    ),
    schema as (
        select
            pg_namespace.oid as id,
            pg_namespace.nspname as name
        from pg_namespace
        where nspname != 'information_schema' and nspname not like 'pg\_%'
    ),
    referenced as (
        select
            relation.id AS id,
            referenced_class.name ,
            referenced_class.schema ,
            referenced_class.kind
        from relation
        join class as referenced_class on relation.class=referenced_class.id
        where referenced_class.kind in ('r', 'v', 'm')
    ),
    relationships as (
        select
            referenced.name as referenced_name,
            referenced.schema as referenced_schema_id,
            dependent_class.name as dependent_name,
            dependent_class.schema as dependent_schema_id,
            referenced.kind as kind
        from referenced
        join dependency on referenced.id=dependency.id
        join class as dependent_class on dependency.ref=dependent_class.id
        where
            (referenced.name != dependent_class.name or
             referenced.schema != dependent_class.schema)
    )

    select
        referenced_schema.name as referenced_schema,
        relationships.referenced_name as referenced_name,
        dependent_schema.name as dependent_schema,
        relationships.dependent_name as dependent_name
    from relationships
    join schema as dependent_schema on relationships.dependent_schema_id=dependent_schema.id
    join schema as referenced_schema on relationships.referenced_schema_id=referenced_schema.id
    group by referenced_schema, referenced_name, dependent_schema, dependent_name
    order by referenced_schema, referenced_name, dependent_schema, dependent_name;
[0m14:42:55.285219 [debug] [MainThread]: SQL status: SELECT 0 in 0.003 seconds
[0m14:42:55.287304 [debug] [MainThread]: Sending event: {'category': 'dbt', 'action': 'runnable_timing', 'label': '3a4210df-2e7e-453a-a57f-0f7a44c7f01f', 'context': [<snowplow_tracker.self_describing_json.SelfDescribingJson object at 0x7f19dd92f410>]}
[0m14:42:55.288838 [debug] [MainThread]: On master: ROLLBACK
[0m14:42:55.290320 [debug] [MainThread]: On master: Close
[0m14:42:55.292035 [info ] [MainThread]: Concurrency: 4 threads (target='prod')
[0m14:42:55.293779 [info ] [MainThread]: 
[0m14:42:55.302555 [debug] [Thread-1 (]: Began running node model.lab_01_dbt.stg_customers
[0m14:42:55.302936 [debug] [Thread-2 (]: Began running node model.lab_01_dbt.stg_orders
[0m14:42:55.312046 [debug] [Thread-1 (]: Re-using an available connection from the pool (formerly list_datawarehouse_public_curated, now model.lab_01_dbt.stg_customers)
[0m14:42:55.323254 [debug] [Thread-2 (]: Re-using an available connection from the pool (formerly list_datawarehouse_public_stg, now model.lab_01_dbt.stg_orders)
[0m14:42:55.324501 [debug] [Thread-1 (]: Began compiling node model.lab_01_dbt.stg_customers
[0m14:42:55.326511 [debug] [Thread-2 (]: Began compiling node model.lab_01_dbt.stg_orders
[0m14:42:55.336240 [debug] [Thread-1 (]: Writing injected SQL for node "model.lab_01_dbt.stg_customers"
[0m14:42:55.348776 [debug] [Thread-2 (]: Writing injected SQL for node "model.lab_01_dbt.stg_orders"
[0m14:42:55.362008 [debug] [Thread-1 (]: Began executing node model.lab_01_dbt.stg_customers
[0m14:42:55.364521 [debug] [Thread-1 (]: Finished running node model.lab_01_dbt.stg_customers
[0m14:42:55.376884 [debug] [Thread-4 (]: Began running node test.lab_01_dbt.not_null_stg_customers_customer_email.3267d739f2
[0m14:42:55.377725 [debug] [Thread-3 (]: Began running node test.lab_01_dbt.not_null_stg_customers_customer_id.e2cfb1f9aa
[0m14:42:55.378520 [debug] [Thread-1 (]: Began running node test.lab_01_dbt.unique_stg_customers_customer_id.c7614daada
[0m14:42:55.379736 [debug] [Thread-2 (]: Began executing node model.lab_01_dbt.stg_orders
[0m14:42:55.383934 [debug] [Thread-4 (]: Acquiring new postgres connection 'test.lab_01_dbt.not_null_stg_customers_customer_email.3267d739f2'
[0m14:42:55.386953 [debug] [Thread-3 (]: Acquiring new postgres connection 'test.lab_01_dbt.not_null_stg_customers_customer_id.e2cfb1f9aa'
[0m14:42:55.389548 [debug] [Thread-1 (]: Re-using an available connection from the pool (formerly model.lab_01_dbt.stg_customers, now test.lab_01_dbt.unique_stg_customers_customer_id.c7614daada)
[0m14:42:55.393839 [debug] [Thread-2 (]: Finished running node model.lab_01_dbt.stg_orders
[0m14:42:55.397248 [debug] [Thread-4 (]: Began compiling node test.lab_01_dbt.not_null_stg_customers_customer_email.3267d739f2
[0m14:42:55.400271 [debug] [Thread-3 (]: Began compiling node test.lab_01_dbt.not_null_stg_customers_customer_id.e2cfb1f9aa
[0m14:42:55.405775 [debug] [Thread-1 (]: Began compiling node test.lab_01_dbt.unique_stg_customers_customer_id.c7614daada
[0m14:42:55.409920 [debug] [Thread-2 (]: Began running node model.lab_01_dbt.curated_customers_summary
[0m14:42:55.434021 [debug] [Thread-4 (]: Writing injected SQL for node "test.lab_01_dbt.not_null_stg_customers_customer_email.3267d739f2"
[0m14:42:55.440193 [debug] [Thread-3 (]: Writing injected SQL for node "test.lab_01_dbt.not_null_stg_customers_customer_id.e2cfb1f9aa"
[0m14:42:55.456525 [debug] [Thread-1 (]: Writing injected SQL for node "test.lab_01_dbt.unique_stg_customers_customer_id.c7614daada"
[0m14:42:55.457956 [debug] [Thread-2 (]: Re-using an available connection from the pool (formerly model.lab_01_dbt.stg_orders, now model.lab_01_dbt.curated_customers_summary)
[0m14:42:55.468526 [debug] [Thread-2 (]: Began compiling node model.lab_01_dbt.curated_customers_summary
[0m14:42:55.476151 [debug] [Thread-2 (]: Writing injected SQL for node "model.lab_01_dbt.curated_customers_summary"
[0m14:42:55.517460 [debug] [Thread-2 (]: Began executing node model.lab_01_dbt.curated_customers_summary
[0m14:42:55.529889 [debug] [Thread-2 (]: Finished running node model.lab_01_dbt.curated_customers_summary
[0m14:42:55.533580 [debug] [Thread-4 (]: Began executing node test.lab_01_dbt.not_null_stg_customers_customer_email.3267d739f2
[0m14:42:55.541514 [debug] [Thread-2 (]: Began running node model.lab_01_dbt.curated_orders
[0m14:42:55.554335 [debug] [Thread-1 (]: Began executing node test.lab_01_dbt.unique_stg_customers_customer_id.c7614daada
[0m14:42:55.570698 [debug] [Thread-4 (]: Finished running node test.lab_01_dbt.not_null_stg_customers_customer_email.3267d739f2
[0m14:42:55.583438 [debug] [Thread-2 (]: Re-using an available connection from the pool (formerly model.lab_01_dbt.curated_customers_summary, now model.lab_01_dbt.curated_orders)
[0m14:42:55.589124 [debug] [Thread-3 (]: Began executing node test.lab_01_dbt.not_null_stg_customers_customer_id.e2cfb1f9aa
[0m14:42:55.593161 [debug] [Thread-1 (]: Finished running node test.lab_01_dbt.unique_stg_customers_customer_id.c7614daada
[0m14:42:55.598687 [debug] [Thread-4 (]: Began running node test.lab_01_dbt.accepted_values_stg_orders_order_status__pending__processing__completed__cancelled__refunded.4d46897a92
[0m14:42:55.600441 [debug] [Thread-2 (]: Began compiling node model.lab_01_dbt.curated_orders
[0m14:42:55.602468 [debug] [Thread-3 (]: Finished running node test.lab_01_dbt.not_null_stg_customers_customer_id.e2cfb1f9aa
[0m14:42:55.604098 [debug] [Thread-1 (]: Began running node test.lab_01_dbt.not_null_stg_orders_customer_id.af79d5e4b5
[0m14:42:55.605786 [debug] [Thread-4 (]: Re-using an available connection from the pool (formerly test.lab_01_dbt.not_null_stg_customers_customer_email.3267d739f2, now test.lab_01_dbt.accepted_values_stg_orders_order_status__pending__processing__completed__cancelled__refunded.4d46897a92)
[0m14:42:55.610985 [debug] [Thread-2 (]: Writing injected SQL for node "model.lab_01_dbt.curated_orders"
[0m14:42:55.612580 [debug] [Thread-3 (]: Began running node test.lab_01_dbt.not_null_stg_orders_order_id.81cfe2fe64
[0m14:42:55.614185 [debug] [Thread-1 (]: Re-using an available connection from the pool (formerly test.lab_01_dbt.unique_stg_customers_customer_id.c7614daada, now test.lab_01_dbt.not_null_stg_orders_customer_id.af79d5e4b5)
[0m14:42:55.615720 [debug] [Thread-4 (]: Began compiling node test.lab_01_dbt.accepted_values_stg_orders_order_status__pending__processing__completed__cancelled__refunded.4d46897a92
[0m14:42:55.619038 [debug] [Thread-3 (]: Re-using an available connection from the pool (formerly test.lab_01_dbt.not_null_stg_customers_customer_id.e2cfb1f9aa, now test.lab_01_dbt.not_null_stg_orders_order_id.81cfe2fe64)
[0m14:42:55.620721 [debug] [Thread-1 (]: Began compiling node test.lab_01_dbt.not_null_stg_orders_customer_id.af79d5e4b5
[0m14:42:55.629783 [debug] [Thread-4 (]: Writing injected SQL for node "test.lab_01_dbt.accepted_values_stg_orders_order_status__pending__processing__completed__cancelled__refunded.4d46897a92"
[0m14:42:55.631313 [debug] [Thread-3 (]: Began compiling node test.lab_01_dbt.not_null_stg_orders_order_id.81cfe2fe64
[0m14:42:55.636121 [debug] [Thread-1 (]: Writing injected SQL for node "test.lab_01_dbt.not_null_stg_orders_customer_id.af79d5e4b5"
[0m14:42:55.639132 [debug] [Thread-2 (]: Began executing node model.lab_01_dbt.curated_orders
[0m14:42:55.647513 [debug] [Thread-3 (]: Writing injected SQL for node "test.lab_01_dbt.not_null_stg_orders_order_id.81cfe2fe64"
[0m14:42:55.659450 [debug] [Thread-2 (]: Finished running node model.lab_01_dbt.curated_orders
[0m14:42:55.666148 [debug] [Thread-2 (]: Began running node test.lab_01_dbt.not_null_stg_orders_total_amount.f31d98d41b
[0m14:42:55.671099 [debug] [Thread-4 (]: Began executing node test.lab_01_dbt.accepted_values_stg_orders_order_status__pending__processing__completed__cancelled__refunded.4d46897a92
[0m14:42:55.676182 [debug] [Thread-2 (]: Re-using an available connection from the pool (formerly model.lab_01_dbt.curated_orders, now test.lab_01_dbt.not_null_stg_orders_total_amount.f31d98d41b)
[0m14:42:55.679768 [debug] [Thread-1 (]: Began executing node test.lab_01_dbt.not_null_stg_orders_customer_id.af79d5e4b5
[0m14:42:55.682257 [debug] [Thread-4 (]: Finished running node test.lab_01_dbt.accepted_values_stg_orders_order_status__pending__processing__completed__cancelled__refunded.4d46897a92
[0m14:42:55.705494 [debug] [Thread-2 (]: Began compiling node test.lab_01_dbt.not_null_stg_orders_total_amount.f31d98d41b
[0m14:42:55.711376 [debug] [Thread-1 (]: Finished running node test.lab_01_dbt.not_null_stg_orders_customer_id.af79d5e4b5
[0m14:42:55.712629 [debug] [Thread-3 (]: Began executing node test.lab_01_dbt.not_null_stg_orders_order_id.81cfe2fe64
[0m14:42:55.713659 [debug] [Thread-4 (]: Began running node test.lab_01_dbt.unique_stg_orders_order_id.e3b841c71a
[0m14:42:55.722668 [debug] [Thread-2 (]: Writing injected SQL for node "test.lab_01_dbt.not_null_stg_orders_total_amount.f31d98d41b"
[0m14:42:55.724666 [debug] [Thread-1 (]: Began running node test.lab_01_dbt.accepted_values_curated_customers_summary_rfm_segment__champion__loyal__potential__new.2ef687cfa8
[0m14:42:55.727330 [debug] [Thread-3 (]: Finished running node test.lab_01_dbt.not_null_stg_orders_order_id.81cfe2fe64
[0m14:42:55.732393 [debug] [Thread-4 (]: Re-using an available connection from the pool (formerly test.lab_01_dbt.accepted_values_stg_orders_order_status__pending__processing__completed__cancelled__refunded.4d46897a92, now test.lab_01_dbt.unique_stg_orders_order_id.e3b841c71a)
[0m14:42:55.738330 [debug] [Thread-1 (]: Re-using an available connection from the pool (formerly test.lab_01_dbt.not_null_stg_orders_customer_id.af79d5e4b5, now test.lab_01_dbt.accepted_values_curated_customers_summary_rfm_segment__champion__loyal__potential__new.2ef687cfa8)
[0m14:42:55.741400 [debug] [Thread-3 (]: Began running node test.lab_01_dbt.not_null_curated_customers_summary_customer_id.f803150bb7
[0m14:42:55.745166 [debug] [Thread-4 (]: Began compiling node test.lab_01_dbt.unique_stg_orders_order_id.e3b841c71a
[0m14:42:55.748247 [debug] [Thread-1 (]: Began compiling node test.lab_01_dbt.accepted_values_curated_customers_summary_rfm_segment__champion__loyal__potential__new.2ef687cfa8
[0m14:42:55.751092 [debug] [Thread-3 (]: Re-using an available connection from the pool (formerly test.lab_01_dbt.not_null_stg_orders_order_id.81cfe2fe64, now test.lab_01_dbt.not_null_curated_customers_summary_customer_id.f803150bb7)
[0m14:42:55.760520 [debug] [Thread-4 (]: Writing injected SQL for node "test.lab_01_dbt.unique_stg_orders_order_id.e3b841c71a"
[0m14:42:55.771776 [debug] [Thread-2 (]: Began executing node test.lab_01_dbt.not_null_stg_orders_total_amount.f31d98d41b
[0m14:42:55.774738 [debug] [Thread-1 (]: Writing injected SQL for node "test.lab_01_dbt.accepted_values_curated_customers_summary_rfm_segment__champion__loyal__potential__new.2ef687cfa8"
[0m14:42:55.785684 [debug] [Thread-3 (]: Began compiling node test.lab_01_dbt.not_null_curated_customers_summary_customer_id.f803150bb7
[0m14:42:55.813592 [debug] [Thread-2 (]: Finished running node test.lab_01_dbt.not_null_stg_orders_total_amount.f31d98d41b
[0m14:42:55.825450 [debug] [Thread-3 (]: Writing injected SQL for node "test.lab_01_dbt.not_null_curated_customers_summary_customer_id.f803150bb7"
[0m14:42:55.829279 [debug] [Thread-2 (]: Began running node test.lab_01_dbt.not_null_curated_customers_summary_lifetime_value.860d30da69
[0m14:42:55.832378 [debug] [Thread-2 (]: Re-using an available connection from the pool (formerly test.lab_01_dbt.not_null_stg_orders_total_amount.f31d98d41b, now test.lab_01_dbt.not_null_curated_customers_summary_lifetime_value.860d30da69)
[0m14:42:55.837075 [debug] [Thread-2 (]: Began compiling node test.lab_01_dbt.not_null_curated_customers_summary_lifetime_value.860d30da69
[0m14:42:55.846161 [debug] [Thread-4 (]: Began executing node test.lab_01_dbt.unique_stg_orders_order_id.e3b841c71a
[0m14:42:55.849307 [debug] [Thread-2 (]: Writing injected SQL for node "test.lab_01_dbt.not_null_curated_customers_summary_lifetime_value.860d30da69"
[0m14:42:55.853176 [debug] [Thread-4 (]: Finished running node test.lab_01_dbt.unique_stg_orders_order_id.e3b841c71a
[0m14:42:55.855373 [debug] [Thread-1 (]: Began executing node test.lab_01_dbt.accepted_values_curated_customers_summary_rfm_segment__champion__loyal__potential__new.2ef687cfa8
[0m14:42:55.864786 [debug] [Thread-3 (]: Began executing node test.lab_01_dbt.not_null_curated_customers_summary_customer_id.f803150bb7
[0m14:42:55.874075 [debug] [Thread-4 (]: Began running node test.lab_01_dbt.unique_curated_customers_summary_customer_id.0cde6897ad
[0m14:42:55.882451 [debug] [Thread-1 (]: Finished running node test.lab_01_dbt.accepted_values_curated_customers_summary_rfm_segment__champion__loyal__potential__new.2ef687cfa8
[0m14:42:55.886480 [debug] [Thread-3 (]: Finished running node test.lab_01_dbt.not_null_curated_customers_summary_customer_id.f803150bb7
[0m14:42:55.889207 [debug] [Thread-4 (]: Re-using an available connection from the pool (formerly test.lab_01_dbt.unique_stg_orders_order_id.e3b841c71a, now test.lab_01_dbt.unique_curated_customers_summary_customer_id.0cde6897ad)
[0m14:42:55.891802 [debug] [Thread-1 (]: Began running node test.lab_01_dbt.accepted_values_curated_orders_ticket_categoria__baixo__medio__alto__premium.3a3e4387c9
[0m14:42:55.893304 [debug] [Thread-3 (]: Began running node test.lab_01_dbt.not_null_curated_orders_is_completed.ff7d29249a
[0m14:42:55.895260 [debug] [Thread-2 (]: Began executing node test.lab_01_dbt.not_null_curated_customers_summary_lifetime_value.860d30da69
[0m14:42:55.895710 [debug] [Thread-4 (]: Began compiling node test.lab_01_dbt.unique_curated_customers_summary_customer_id.0cde6897ad
[0m14:42:55.898444 [debug] [Thread-1 (]: Re-using an available connection from the pool (formerly test.lab_01_dbt.accepted_values_curated_customers_summary_rfm_segment__champion__loyal__potential__new.2ef687cfa8, now test.lab_01_dbt.accepted_values_curated_orders_ticket_categoria__baixo__medio__alto__premium.3a3e4387c9)
[0m14:42:55.901613 [debug] [Thread-3 (]: Re-using an available connection from the pool (formerly test.lab_01_dbt.not_null_curated_customers_summary_customer_id.f803150bb7, now test.lab_01_dbt.not_null_curated_orders_is_completed.ff7d29249a)
[0m14:42:55.904848 [debug] [Thread-2 (]: Finished running node test.lab_01_dbt.not_null_curated_customers_summary_lifetime_value.860d30da69
[0m14:42:55.912027 [debug] [Thread-4 (]: Writing injected SQL for node "test.lab_01_dbt.unique_curated_customers_summary_customer_id.0cde6897ad"
[0m14:42:55.913062 [debug] [Thread-1 (]: Began compiling node test.lab_01_dbt.accepted_values_curated_orders_ticket_categoria__baixo__medio__alto__premium.3a3e4387c9
[0m14:42:55.914568 [debug] [Thread-3 (]: Began compiling node test.lab_01_dbt.not_null_curated_orders_is_completed.ff7d29249a
[0m14:42:55.916157 [debug] [Thread-2 (]: Began running node test.lab_01_dbt.not_null_curated_orders_order_id.c68c99b49e
[0m14:42:55.923487 [debug] [Thread-1 (]: Writing injected SQL for node "test.lab_01_dbt.accepted_values_curated_orders_ticket_categoria__baixo__medio__alto__premium.3a3e4387c9"
[0m14:42:55.929772 [debug] [Thread-3 (]: Writing injected SQL for node "test.lab_01_dbt.not_null_curated_orders_is_completed.ff7d29249a"
[0m14:42:55.932674 [debug] [Thread-2 (]: Re-using an available connection from the pool (formerly test.lab_01_dbt.not_null_curated_customers_summary_lifetime_value.860d30da69, now test.lab_01_dbt.not_null_curated_orders_order_id.c68c99b49e)
[0m14:42:55.935349 [debug] [Thread-2 (]: Began compiling node test.lab_01_dbt.not_null_curated_orders_order_id.c68c99b49e
[0m14:42:55.935725 [debug] [Thread-4 (]: Began executing node test.lab_01_dbt.unique_curated_customers_summary_customer_id.0cde6897ad
[0m14:42:55.940805 [debug] [Thread-2 (]: Writing injected SQL for node "test.lab_01_dbt.not_null_curated_orders_order_id.c68c99b49e"
[0m14:42:55.943211 [debug] [Thread-1 (]: Began executing node test.lab_01_dbt.accepted_values_curated_orders_ticket_categoria__baixo__medio__alto__premium.3a3e4387c9
[0m14:42:55.943808 [debug] [Thread-4 (]: Finished running node test.lab_01_dbt.unique_curated_customers_summary_customer_id.0cde6897ad
[0m14:42:55.954996 [debug] [Thread-3 (]: Began executing node test.lab_01_dbt.not_null_curated_orders_is_completed.ff7d29249a
[0m14:42:55.957806 [debug] [Thread-1 (]: Finished running node test.lab_01_dbt.accepted_values_curated_orders_ticket_categoria__baixo__medio__alto__premium.3a3e4387c9
[0m14:42:55.961654 [debug] [Thread-4 (]: Began running node test.lab_01_dbt.unique_curated_orders_order_id.d2c35a5dd6
[0m14:42:55.964996 [debug] [Thread-3 (]: Finished running node test.lab_01_dbt.not_null_curated_orders_is_completed.ff7d29249a
[0m14:42:55.970558 [debug] [Thread-4 (]: Re-using an available connection from the pool (formerly test.lab_01_dbt.unique_curated_customers_summary_customer_id.0cde6897ad, now test.lab_01_dbt.unique_curated_orders_order_id.d2c35a5dd6)
[0m14:42:55.975907 [debug] [Thread-4 (]: Began compiling node test.lab_01_dbt.unique_curated_orders_order_id.d2c35a5dd6
[0m14:42:55.984280 [debug] [Thread-4 (]: Writing injected SQL for node "test.lab_01_dbt.unique_curated_orders_order_id.d2c35a5dd6"
[0m14:42:55.984876 [debug] [Thread-2 (]: Began executing node test.lab_01_dbt.not_null_curated_orders_order_id.c68c99b49e
[0m14:42:55.989180 [debug] [Thread-2 (]: Finished running node test.lab_01_dbt.not_null_curated_orders_order_id.c68c99b49e
[0m14:42:56.008138 [debug] [Thread-4 (]: Began executing node test.lab_01_dbt.unique_curated_orders_order_id.d2c35a5dd6
[0m14:42:56.010388 [debug] [Thread-4 (]: Finished running node test.lab_01_dbt.unique_curated_orders_order_id.d2c35a5dd6
[0m14:42:56.013965 [debug] [MainThread]: Connection 'master' was properly closed.
[0m14:42:56.016239 [debug] [MainThread]: Connection 'test.lab_01_dbt.not_null_curated_orders_order_id.c68c99b49e' was properly closed.
[0m14:42:56.017970 [debug] [MainThread]: Connection 'test.lab_01_dbt.accepted_values_curated_orders_ticket_categoria__baixo__medio__alto__premium.3a3e4387c9' was properly closed.
[0m14:42:56.019612 [debug] [MainThread]: Connection 'test.lab_01_dbt.unique_curated_orders_order_id.d2c35a5dd6' was properly closed.
[0m14:42:56.021096 [debug] [MainThread]: Connection 'test.lab_01_dbt.not_null_curated_orders_is_completed.ff7d29249a' was properly closed.
[0m14:42:56.024234 [debug] [MainThread]: Command end result
[0m14:42:56.152961 [debug] [MainThread]: Resource report: {"command_name": "compile", "command_success": true, "command_wall_clock_time": 4.120393, "process_user_time": 2.845197, "process_kernel_time": 0.156976, "process_mem_max_rss": "136380", "process_in_blocks": "7008", "process_out_blocks": "152"}
[0m14:42:56.154620 [debug] [MainThread]: Command `dbt compile` succeeded at 14:42:56.154518 after 4.12 seconds
[0m14:42:56.167683 [debug] [MainThread]: Sending event: {'category': 'dbt', 'action': 'invocation', 'label': 'end', 'context': [<snowplow_tracker.self_describing_json.SelfDescribingJson object at 0x7f19e4302c90>, <snowplow_tracker.self_describing_json.SelfDescribingJson object at 0x7f19e4301e50>, <snowplow_tracker.self_describing_json.SelfDescribingJson object at 0x7f19e4302e90>]}
[0m14:42:56.169299 [debug] [MainThread]: Flushing usage events
